<?xml version="1.0" encoding="UTF-8"?>
<!-- Generated by org.testng.reporters.JUnitReportReporter -->
<testsuite hostname="Saif" name="com.yahoo.mail.HomePageTest" tests="3" failures="0" timestamp="24 Aug 2018 12:17:51 GMT" time="31.725" errors="0">
  <testcase name="loaunchHomePageTest" time="15.708" classname="com.yahoo.mail.HomePageTest"/>
  <testcase name="yahooMailRegistrationTest" time="7.684" classname="com.yahoo.mail.HomePageTest"/>
  <testcase name="yahooMailRegistrationTest" time="8.333" classname="com.yahoo.mail.HomePageTest"/>
</testsuite> <!-- com.yahoo.mail.HomePageTest -->
